### Trial# #Disabled Nodes Rate 2# #Avg. lookup time#
1 5.38308435289479
2 4.47603755457551
3 8.837572533436388
4 14.529227045970082
5 17.356410774458265
6 19.08280591692693
7 23.64983520074943
8 26.850484473839593
9 27.78188860147748
10 28.66306713635415
11 30.018861583320025
12 30.883348008591078
13 30.338141576157884
14 35.21888516685184
15 38.95350301905306
16 37.40467482814523
17 37.75071165385294
18 39.01102606252662
19 38.88216092086122
20 41.76849268807148
21 42.6639913710828
22 43.088490938191036
23 44.15828484666923
24 44.30422894924118
25 42.052602923288354
