### Trial# #Disabled Nodes Rate 3# #Avg. lookup time#
1 3.7547523104742684
2 5.271847183344523
3 5.6364909243215955
4 6.613192992775845
5 8.103688195311248
6 8.428393378227465
7 9.912765046502804
8 11.183010420369158
9 12.32755820537985
10 11.434075331278523
11 12.846510187882096
12 12.91117037784029
13 12.646301175102279
14 14.448630905968153
15 15.262012092450588
16 16.884006465831714
17 17.74477186265943
18 17.655133879845877
19 18.459608809661656
20 18.51293879913233
21 18.264639772135972
22 19.70783328891084
23 19.13541114015435
24 20.290015640682988
25 20.564996059254465
26 20.350371291766372
27 19.6727953022878
28 21.657603646177026
29 21.460991214936243
30 20.184890524985345
31 21.378913607171498
32 20.987535865629383
33 20.870636109257656
34 21.666709187624658
35 22.397458864522715
36 22.146876649036322
37 23.361144537801167
38 23.921451282562277
39 23.911070708402043
40 23.261461036157563
41 23.269328979309357
42 24.042611213197226
43 23.396790991251603
44 23.211248186158414
45 23.217991955902527
46 23.048635207236188
47 23.69247683686153
48 24.42928404350957
49 23.323596296436374
50 22.253063132419893
